<?xml version="1.0" encoding="UTF-8" ?>
<testsuite tests="2" failures="0" name="fr.elfoa.hello.HelloTest" time="0.74" errors="2" skipped="0">
  <properties>
    <property name="idea.version" value="2017.2.5"/>
    <property name="java.runtime.name" value="Java(TM) SE Runtime Environment"/>
    <property name="sun.boot.library.path" value="C:\Program Files\Java\jdk1.8.0_144\jre\bin"/>
    <property name="java.vm.version" value="25.144-b01"/>
    <property name="java.vm.vendor" value="Oracle Corporation"/>
    <property name="maven.multiModuleProjectDirectory" value="C:\Users\campredonf\IdeaProjects\tp-iaeMax"/>
    <property name="java.vendor.url" value="http://java.oracle.com/"/>
    <property name="path.separator" value=";"/>
    <property name="guice.disable.misplaced.annotation.check" value="true"/>
    <property name="java.vm.name" value="Java HotSpot(TM) 64-Bit Server VM"/>
    <property name="file.encoding.pkg" value="sun.io"/>
    <property name="user.script" value=""/>
    <property name="user.country" value="FR"/>
    <property name="sun.java.launcher" value="SUN_STANDARD"/>
    <property name="sun.os.patch.level" value="Service Pack 1"/>
    <property name="java.vm.specification.name" value="Java Virtual Machine Specification"/>
    <property name="user.dir" value="C:\Users\campredonf\IdeaProjects\tp-iaeMax"/>
    <property name="java.runtime.version" value="1.8.0_144-b01"/>
    <property name="java.awt.graphicsenv" value="sun.awt.Win32GraphicsEnvironment"/>
    <property name="java.endorsed.dirs" value="C:\Program Files\Java\jdk1.8.0_144\jre\lib\endorsed"/>
    <property name="os.arch" value="amd64"/>
    <property name="java.io.tmpdir" value="C:\Users\CAMPRE~1\AppData\Local\Temp\"/>
    <property name="line.separator" value="
"/>
    <property name="java.vm.specification.vendor" value="Oracle Corporation"/>
    <property name="user.variant" value=""/>
    <property name="os.name" value="Windows 7"/>
    <property name="classworlds.conf" value="C:\Program Files\JetBrains\IntelliJ IDEA 2017.2.5\plugins\maven\lib\maven3\bin\m2.conf"/>
    <property name="sun.jnu.encoding" value="Cp1252"/>
    <property name="java.library.path" value="C:\Program Files\Java\jdk1.8.0_144\bin;C:\windows\Sun\Java\bin;C:\windows\system32;C:\windows;C:\ProgramData\Oracle\Java\javapath;C:\windows\system32;C:\windows;C:\windows\System32\Wbem;C:\windows\System32\WindowsPowerShell\v1.0\;C:\Program Files\Symantec\Symantec Endpoint Encryption Clients\;C:\Program Files\TortoiseSVN\bin;C:\Program Files\Git\cmd;C:\ProgramData\ComposerSetup\bin;C:\wamp64\bin\php\php7.0.10;C:\Program Files\nodejs\;C:\Program Files (x86)\Microsoft SQL Server\Client SDK\ODBC\130\Tools\Binn\;C:\Program Files (x86)\Microsoft SQL Server\140\Tools\Binn\;C:\Program Files (x86)\Microsoft SQL Server\140\DTS\Binn\;C:\Program Files (x86)\Microsoft SQL Server\140\Tools\Binn\ManagementStudio\;C:\Users\campredonf\AppData\Roaming\Composer\vendor\bin;C:\Users\campredonf\AppData\Roaming\npm;."/>
    <property name="java.specification.name" value="Java Platform API Specification"/>
    <property name="java.class.version" value="52.0"/>
    <property name="sun.management.compiler" value="HotSpot 64-Bit Tiered Compilers"/>
    <property name="os.version" value="6.1"/>
    <property name="user.home" value="C:\Users\campredonf"/>
    <property name="user.timezone" value="Europe/Paris"/>
    <property name="java.awt.printerjob" value="sun.awt.windows.WPrinterJob"/>
    <property name="java.specification.version" value="1.8"/>
    <property name="file.encoding" value="UTF-8"/>
    <property name="user.name" value="campredonf"/>
    <property name="java.class.path" value="C:\Program Files\JetBrains\IntelliJ IDEA 2017.2.5\plugins\maven\lib\maven3\boot\plexus-classworlds-2.5.2.jar;C:\Program Files\JetBrains\IntelliJ IDEA 2017.2.5\lib\idea_rt.jar"/>
    <property name="java.vm.specification.version" value="1.8"/>
    <property name="sun.arch.data.model" value="64"/>
    <property name="java.home" value="C:\Program Files\Java\jdk1.8.0_144\jre"/>
    <property name="sun.java.command" value="org.codehaus.classworlds.Launcher -Didea.version=2017.2.5 install"/>
    <property name="java.specification.vendor" value="Oracle Corporation"/>
    <property name="user.language" value="fr"/>
    <property name="awt.toolkit" value="sun.awt.windows.WToolkit"/>
    <property name="java.vm.info" value="mixed mode"/>
    <property name="java.version" value="1.8.0_144"/>
    <property name="java.ext.dirs" value="C:\Program Files\Java\jdk1.8.0_144\jre\lib\ext;C:\windows\Sun\Java\lib\ext"/>
    <property name="sun.boot.class.path" value="C:\Program Files\Java\jdk1.8.0_144\jre\lib\resources.jar;C:\Program Files\Java\jdk1.8.0_144\jre\lib\rt.jar;C:\Program Files\Java\jdk1.8.0_144\jre\lib\sunrsasign.jar;C:\Program Files\Java\jdk1.8.0_144\jre\lib\jsse.jar;C:\Program Files\Java\jdk1.8.0_144\jre\lib\jce.jar;C:\Program Files\Java\jdk1.8.0_144\jre\lib\charsets.jar;C:\Program Files\Java\jdk1.8.0_144\jre\lib\jfr.jar;C:\Program Files\Java\jdk1.8.0_144\jre\classes"/>
    <property name="java.vendor" value="Oracle Corporation"/>
    <property name="maven.home" value="C:\Program Files\JetBrains\IntelliJ IDEA 2017.2.5\plugins\maven\lib\maven3"/>
    <property name="file.separator" value="\"/>
    <property name="java.vendor.url.bug" value="http://bugreport.sun.com/bugreport/"/>
    <property name="sun.cpu.endian" value="little"/>
    <property name="sun.io.unicode.encoding" value="UnicodeLittle"/>
    <property name="sun.desktop" value="windows"/>
    <property name="sun.cpu.isalist" value="amd64"/>
  </properties>
  <testcase classname="fr.elfoa.hello.HelloTest" name="fr.elfoa.hello.HelloTest" time="0.37">
    <error message="WELD-001408: Unsatisfied dependencies for type Point with qualifiers @Default
  at injection point [BackedAnnotatedField] @Inject private fr.elfoa.drone.impl.Drone.current
  at fr.elfoa.drone.impl.Drone.current(Drone.java:0)
" type="org.jboss.weld.exceptions.DeploymentException">org.jboss.weld.exceptions.DeploymentException: WELD-001408: Unsatisfied dependencies for type Point with qualifiers @Default
  at injection point [BackedAnnotatedField] @Inject private fr.elfoa.drone.impl.Drone.current
  at fr.elfoa.drone.impl.Drone.current(Drone.java:0)

	at org.jboss.weld.bootstrap.Validator.validateInjectionPointForDeploymentProblems(Validator.java:359)
	at org.jboss.weld.bootstrap.Validator.validateInjectionPoint(Validator.java:281)
	at org.jboss.weld.bootstrap.Validator.validateGeneralBean(Validator.java:134)
	at org.jboss.weld.bootstrap.Validator.validateRIBean(Validator.java:155)
	at org.jboss.weld.bootstrap.Validator.validateBean(Validator.java:518)
	at org.jboss.weld.bootstrap.ConcurrentValidator$1.doWork(ConcurrentValidator.java:68)
	at org.jboss.weld.bootstrap.ConcurrentValidator$1.doWork(ConcurrentValidator.java:66)
	at org.jboss.weld.executor.IterativeWorkerTaskFactory$1.call(IterativeWorkerTaskFactory.java:63)
	at org.jboss.weld.executor.IterativeWorkerTaskFactory$1.call(IterativeWorkerTaskFactory.java:56)
	at java.util.concurrent.FutureTask.run(FutureTask.java:266)
	at java.util.concurrent.ThreadPoolExecutor.runWorker(ThreadPoolExecutor.java:1149)
	at java.util.concurrent.ThreadPoolExecutor$Worker.run(ThreadPoolExecutor.java:624)
	at java.lang.Thread.run(Thread.java:748)
</error>
    <system-err>mars 21, 2018 8:09:12 PM org.jboss.weld.bootstrap.WeldStartup startContainer
INFO: WELD-000101: Transactional services not available. Injection of @Inject UserTransaction not available. Transactional observers will be invoked synchronously.
mars 21, 2018 8:09:12 PM org.jboss.weld.event.ExtensionObserverMethodImpl checkRequiredTypeAnnotations
INFO: WELD-000411: Observer method [BackedAnnotatedMethod] protected org.apache.deltaspike.core.impl.exclude.extension.ExcludeExtension.vetoBeans(@Observes ProcessAnnotatedType, BeanManager) receives events for all annotated types. Consider restricting events using @WithAnnotations or a generic type with bounds.
mars 21, 2018 8:09:12 PM org.jboss.weld.event.ExtensionObserverMethodImpl checkRequiredTypeAnnotations
INFO: WELD-000411: Observer method [BackedAnnotatedMethod] protected org.apache.deltaspike.core.impl.message.MessageBundleExtension.detectInterfaces(@Observes ProcessAnnotatedType) receives events for all annotated types. Consider restricting events using @WithAnnotations or a generic type with bounds.
mars 21, 2018 8:09:12 PM org.apache.deltaspike.core.util.ClassDeactivationUtils cacheResult
INFOS: class: org.apache.deltaspike.core.impl.exclude.extension.ExcludeExtension activated=true
mars 21, 2018 8:09:12 PM org.apache.deltaspike.core.util.ClassDeactivationUtils cacheResult
INFOS: class: org.apache.deltaspike.core.impl.exclude.CustomProjectStageBeanFilter activated=true
mars 21, 2018 8:09:12 PM org.apache.deltaspike.core.util.ClassDeactivationUtils cacheResult
INFOS: class: org.apache.deltaspike.core.impl.exclude.GlobalAlternative activated=true
mars 21, 2018 8:09:12 PM org.apache.deltaspike.core.util.ClassDeactivationUtils cacheResult
INFOS: class: org.apache.deltaspike.core.impl.scope.DeltaSpikeContextExtension activated=true
mars 21, 2018 8:09:12 PM org.apache.deltaspike.core.util.ClassDeactivationUtils cacheResult
INFOS: class: org.apache.deltaspike.core.impl.message.MessageBundleExtension activated=true
mars 21, 2018 8:09:12 PM org.apache.deltaspike.core.util.ClassDeactivationUtils cacheResult
INFOS: class: org.apache.deltaspike.core.impl.message.NamedMessageBundleInvocationHandler activated=true
mars 21, 2018 8:09:12 PM org.apache.deltaspike.core.util.ClassDeactivationUtils cacheResult
INFOS: class: org.apache.deltaspike.core.impl.jmx.MBeanExtension activated=true
mars 21, 2018 8:09:12 PM org.apache.deltaspike.core.util.ClassDeactivationUtils cacheResult
INFOS: class: org.apache.deltaspike.core.impl.config.ConfigurationExtension activated=true
mars 21, 2018 8:09:12 PM org.apache.deltaspike.core.util.ClassDeactivationUtils cacheResult
INFOS: class: org.apache.deltaspike.core.impl.exception.control.extension.ExceptionControlExtension activated=true
mars 21, 2018 8:09:12 PM org.apache.deltaspike.core.util.ProjectStageProducer initProjectStage
INFOS: Computed the following DeltaSpike ProjectStage: Production
mars 21, 2018 8:09:12 PM org.jboss.weld.util.Beans omitIllegalBeanTypes
INFO: WELD-001125: Illegal bean type java.util.Comparator&lt;org.apache.deltaspike.core.api.exception.control.HandlerMethod&lt;?&gt;&gt; ignored on [EnhancedAnnotatedTypeImpl] public final  class org.apache.deltaspike.core.impl.exception.control.ExceptionHandlerComparator
mars 21, 2018 8:09:12 PM org.jboss.weld.util.Beans omitIllegalBeanTypes
INFO: WELD-001125: Illegal bean type java.util.Comparator&lt;javax.enterprise.inject.spi.AnnotatedCallable&lt;? super T&gt;&gt; ignored on [EnhancedAnnotatedTypeImpl] private static  class org.apache.deltaspike.core.util.Annotateds$AnnotatedCallableComparator
mars 21, 2018 8:09:12 PM org.jboss.weld.util.Beans omitIllegalBeanTypes
INFO: WELD-001125: Illegal bean type java.util.Comparator&lt;javax.enterprise.inject.spi.AnnotatedConstructor&lt;? super T&gt;&gt; ignored on [EnhancedAnnotatedTypeImpl] private static  class org.apache.deltaspike.core.util.Annotateds$AnnotatedConstructorComparator
mars 21, 2018 8:09:12 PM org.jboss.weld.util.Beans omitIllegalBeanTypes
INFO: WELD-001125: Illegal bean type java.util.Comparator&lt;javax.enterprise.inject.spi.AnnotatedField&lt;? super T&gt;&gt; ignored on [EnhancedAnnotatedTypeImpl] private static  class org.apache.deltaspike.core.util.Annotateds$AnnotatedFieldComparator
mars 21, 2018 8:09:12 PM org.jboss.weld.util.Beans omitIllegalBeanTypes
INFO: WELD-001125: Illegal bean type java.util.Comparator&lt;javax.enterprise.inject.spi.AnnotatedMethod&lt;? super T&gt;&gt; ignored on [EnhancedAnnotatedTypeImpl] private static  class org.apache.deltaspike.core.util.Annotateds$AnnotatedMethodComparator
</system-err>
  </testcase>
  <testcase classname="fr.elfoa.hello.HelloTest" name="fr.elfoa.hello.HelloTest" time="0.37">
    <error type="java.lang.NullPointerException">java.lang.NullPointerException
	at fr.elfoa.AbstractBootstraper.shutdown(AbstractBootstraper.java:57)
	at fr.elfoa.hello.HelloTest.stop(HelloTest.java:38)
	at sun.reflect.NativeMethodAccessorImpl.invoke0(Native Method)
	at sun.reflect.NativeMethodAccessorImpl.invoke(NativeMethodAccessorImpl.java:62)
	at sun.reflect.DelegatingMethodAccessorImpl.invoke(DelegatingMethodAccessorImpl.java:43)
	at java.lang.reflect.Method.invoke(Method.java:498)
	at org.junit.runners.model.FrameworkMethod$1.runReflectiveCall(FrameworkMethod.java:47)
	at org.junit.internal.runners.model.ReflectiveCallable.run(ReflectiveCallable.java:12)
	at org.junit.runners.model.FrameworkMethod.invokeExplosively(FrameworkMethod.java:44)
	at org.junit.internal.runners.statements.RunAfters.evaluate(RunAfters.java:33)
	at org.junit.runners.ParentRunner.run(ParentRunner.java:309)
	at org.apache.maven.surefire.junit4.JUnit4Provider.execute(JUnit4Provider.java:252)
	at org.apache.maven.surefire.junit4.JUnit4Provider.executeTestSet(JUnit4Provider.java:141)
	at org.apache.maven.surefire.junit4.JUnit4Provider.invoke(JUnit4Provider.java:112)
	at sun.reflect.NativeMethodAccessorImpl.invoke0(Native Method)
	at sun.reflect.NativeMethodAccessorImpl.invoke(NativeMethodAccessorImpl.java:62)
	at sun.reflect.DelegatingMethodAccessorImpl.invoke(DelegatingMethodAccessorImpl.java:43)
	at java.lang.reflect.Method.invoke(Method.java:498)
	at org.apache.maven.surefire.util.ReflectionUtils.invokeMethodWithArray(ReflectionUtils.java:189)
	at org.apache.maven.surefire.booter.ProviderFactory$ProviderProxy.invoke(ProviderFactory.java:165)
	at org.apache.maven.surefire.booter.ProviderFactory.invokeProvider(ProviderFactory.java:85)
	at org.apache.maven.surefire.booter.ForkedBooter.runSuitesInProcess(ForkedBooter.java:115)
	at org.apache.maven.surefire.booter.ForkedBooter.main(ForkedBooter.java:75)
</error>
  </testcase>
</testsuite>